2019-03-11 16:29:57  {"product_code":"FAST_INSTANT_TRADE_PAY","body":"这是一件商品","subject":"金丝猴奶糖","total_amount":0.01,"out_trade_no":"1552321797587"}
2019-03-11 16:34:32  {"product_code":"FAST_INSTANT_TRADE_PAY","body":"这是一件商品","subject":"金丝猴奶糖","total_amount":0.01,"out_trade_no":"1552322072567"}
2019-03-11 16:34:53  {"product_code":"FAST_INSTANT_TRADE_PAY","body":"这是一件商品","subject":"金丝猴奶糖","total_amount":0.01,"out_trade_no":"1552322093437"}
2019-03-11 16:52:50  {"product_code":"FAST_INSTANT_TRADE_PAY","body":"这是一件商品","subject":"金丝猴奶糖","total_amount":0.01,"out_trade_no":"1552323170561"}
2019-03-11 16:57:14  {"product_code":"FAST_INSTANT_TRADE_PAY","body":"这是一件商品","subject":"金丝猴奶糖","total_amount":0.01,"out_trade_no":"1552323434267"}
2019-03-11 17:00:31  {"product_code":"FAST_INSTANT_TRADE_PAY","body":"这是一件商品","subject":"金丝猴奶糖","total_amount":0.01,"out_trade_no":"1552323631884"}
2019-03-11 17:00:51  {"product_code":"FAST_INSTANT_TRADE_PAY","body":"这是一件商品","subject":"金丝猴奶糖","total_amount":0.01,"out_trade_no":"1552323651753"}
2019-03-11 17:01:37  {"product_code":"FAST_INSTANT_TRADE_PAY","body":"这是一件商品","subject":"金丝猴奶糖","total_amount":0.01,"out_trade_no":"1552323697155"}
2019-03-11 17:02:01  {"product_code":"FAST_INSTANT_TRADE_PAY","body":"这是一件商品","subject":"金丝猴奶糖","total_amount":0.01,"out_trade_no":"1552323721807"}
2019-03-11 17:08:57  {"product_code":"FAST_INSTANT_TRADE_PAY","body":"这是一件商品","subject":"金丝猴奶糖","total_amount":0.01,"out_trade_no":"1552324137754"}
2019-03-11 17:08:58  {"product_code":"FAST_INSTANT_TRADE_PAY","body":"这是一件商品","subject":"金丝猴奶糖","total_amount":0.01,"out_trade_no":"1552324138688"}
2019-03-11 17:10:53  {"product_code":"FAST_INSTANT_TRADE_PAY","body":"这是一件商品","subject":"金丝猴奶糖","total_amount":0.01,"out_trade_no":"1552324253835"}
2019-03-11 17:11:02  {"product_code":"FAST_INSTANT_TRADE_PAY","body":"这是一件商品","subject":"金丝猴奶糖","total_amount":0.01,"out_trade_no":"1552324262554"}
2019-03-11 17:19:18  {"product_code":"FAST_INSTANT_TRADE_PAY","body":"这是一件商品","subject":"金丝猴奶糖","total_amount":0.01,"out_trade_no":"1552324758870"}
2019-03-11 17:19:20  {"product_code":"FAST_INSTANT_TRADE_PAY","body":"这是一件商品","subject":"金丝猴奶糖","total_amount":0.01,"out_trade_no":"1552324760329"}
2019-03-11 17:23:39  {"product_code":"FAST_INSTANT_TRADE_PAY","body":"这是一件商品","subject":"金丝猴奶糖","total_amount":0.01,"out_trade_no":"1552325019246"}
2019-03-11 17:24:43  {"product_code":"FAST_INSTANT_TRADE_PAY","body":"这是一件商品","subject":"金丝猴奶糖","total_amount":0.01,"out_trade_no":"1552325083462"}
2019-03-11 17:25:05  {"product_code":"FAST_INSTANT_TRADE_PAY","body":"这是一件商品","subject":"金丝猴奶糖","total_amount":0.01,"out_trade_no":"1552325105507"}
2019-03-11 17:33:21  {"product_code":"FAST_INSTANT_TRADE_PAY","body":"这是一件商品","subject":"金丝猴奶糖","total_amount":0.01,"out_trade_no":"1552325601214"}
2019-03-11 17:37:57  {"product_code":"FAST_INSTANT_TRADE_PAY","body":"这是一件商品","subject":"金丝猴奶糖","total_amount":0.01,"out_trade_no":"1552325877975"}
2019-03-11 17:40:04  {"product_code":"FAST_INSTANT_TRADE_PAY","body":"这是一件商品","subject":"金丝猴奶糖","total_amount":0.01,"out_trade_no":"1552326004898"}
2019-03-11 17:40:13  {"product_code":"FAST_INSTANT_TRADE_PAY","body":"这是一件商品","subject":"金丝猴奶糖","total_amount":0.01,"out_trade_no":"1552326013329"}
2019-03-11 17:40:25  {"product_code":"FAST_INSTANT_TRADE_PAY","body":"这是一件商品","subject":"金丝猴奶糖","total_amount":0.01,"out_trade_no":"1552326025713"}
2019-03-11 17:42:17  {"product_code":"FAST_INSTANT_TRADE_PAY","body":"这是一件商品","subject":"金丝猴奶糖","total_amount":0.01,"out_trade_no":"1552326137963"}
2019-03-11 17:42:42  {"product_code":"FAST_INSTANT_TRADE_PAY","body":"这是一件商品","subject":"金丝猴奶糖","total_amount":0.01,"out_trade_no":"1552326162860"}
2019-03-11 17:42:59  {"product_code":"FAST_INSTANT_TRADE_PAY","body":"这是一件商品","subject":"金丝猴奶糖","total_amount":0.01,"out_trade_no":"1552326179308"}
2019-03-11 17:44:04  {"product_code":"FAST_INSTANT_TRADE_PAY","body":"这是一件商品","subject":"金丝猴奶糖","total_amount":0.01,"out_trade_no":"1552326244722"}
2019-03-11 17:44:16  {"product_code":"FAST_INSTANT_TRADE_PAY","body":"这是一件商品","subject":"金丝猴奶糖","total_amount":0.01,"out_trade_no":"1552326256821"}
2019-03-12 05:12:23  {"product_code":"FAST_INSTANT_TRADE_PAY","body":"这是一件商品","subject":"金丝猴奶糖","total_amount":0.01,"out_trade_no":"1552367543637"}
2019-03-12 05:12:46  {"product_code":"FAST_INSTANT_TRADE_PAY","body":"这是一件商品","subject":"金丝猴奶糖","total_amount":0.01,"out_trade_no":"1552367566371"}
2019-03-12 05:13:15  {"product_code":"FAST_INSTANT_TRADE_PAY","body":"这是一件商品","subject":"金丝猴奶糖","total_amount":0.01,"out_trade_no":"1552367595230"}
2019-03-12 05:15:20  {"product_code":"FAST_INSTANT_TRADE_PAY","body":"这是一件商品","subject":"金丝猴奶糖","total_amount":0.01,"out_trade_no":"1552367720864"}
2019-03-12 05:15:20  response: '<form id=\'alipaysubmit\' name=\'alipaysubmit\' action=\'https://openapi.alipaydev.com/gateway.do?charset=UTF-8\' method=\'POST\'><input type=\'hidden\' name=\'biz_content\' value=\'{"product_code":"FAST_INSTANT_TRADE_PAY","body":"这是一件商品","subject":"金丝猴奶糖","total_amount":0.01,"out_trade_no":"1552367720864"}\'/><input type=\'hidden\' name=\'app_id\' value=\'2016091800538056\'/><input type=\'hidden\' name=\'version\' value=\'1.0\'/><input type=\'hidden\' name=\'format\' value=\'json\'/><input type=\'hidden\' name=\'sign_type\' value=\'RSA2\'/><input type=\'hidden\' name=\'method\' value=\'alipay.trade.page.pay\'/><input type=\'hidden\' name=\'timestamp\' value=\'2019-03-12 05:15:20\'/><input type=\'hidden\' name=\'alipay_sdk\' value=\'alipay-sdk-php-20161101\'/><input type=\'hidden\' name=\'notify_url\' value=\'http://alipay.yuton.xyz/alipay/notify\'/><input type=\'hidden\' name=\'return_url\' value=\'http://alipay.yuton.xyz/alipay/return_url\'/><input type=\'hidden\' name=\'charset\' value=\'UTF-8\'/><input type=\'submit\' value=\'ok\' style=\'display:none;\'\'></form><script>document.forms[\'alipaysubmit\'].submit();</script>'
2019-03-12 05:15:45  {"product_code":"FAST_INSTANT_TRADE_PAY","body":"这是一件商品","subject":"金丝猴奶糖","total_amount":0.01,"out_trade_no":"1552367745205"}
2019-03-12 05:25:04  {"product_code":"FAST_INSTANT_TRADE_PAY","body":"这是一件商品","subject":"金丝猴奶糖","total_amount":0.01,"out_trade_no":"1552368304894"}
2019-03-12 05:30:59  {"product_code":"FAST_INSTANT_TRADE_PAY","body":"这是一件商品","subject":"金丝猴奶糖","total_amount":0.01,"out_trade_no":"1552368659567"}
2019-03-12 05:31:01  {"product_code":"FAST_INSTANT_TRADE_PAY","body":"这是一件商品","subject":"金丝猴奶糖","total_amount":0.01,"out_trade_no":"1552368661909"}
2019-03-12 05:32:49  {"product_code":"FAST_INSTANT_TRADE_PAY","body":"这是一件商品","subject":"金丝猴奶糖","total_amount":0.01,"out_trade_no":"1552368769272"}
2019-03-12 05:35:35  {"product_code":"FAST_INSTANT_TRADE_PAY","body":"这是一件商品","subject":"金丝猴奶糖","total_amount":0.01,"out_trade_no":"1552368935532"}
2019-03-12 05:35:35  response: '<form id=\'alipaysubmit\' name=\'alipaysubmit\' action=\'https://openapi.alipaydev.com/gateway.do?charset=UTF-8\' method=\'POST\'><input type=\'hidden\' name=\'biz_content\' value=\'{"product_code":"FAST_INSTANT_TRADE_PAY","body":"这是一件商品","subject":"金丝猴奶糖","total_amount":0.01,"out_trade_no":"1552368935532"}\'/><input type=\'hidden\' name=\'app_id\' value=\'2016091800538056\'/><input type=\'hidden\' name=\'version\' value=\'1.0\'/><input type=\'hidden\' name=\'format\' value=\'json\'/><input type=\'hidden\' name=\'sign_type\' value=\'RSA2\'/><input type=\'hidden\' name=\'method\' value=\'alipay.trade.page.pay\'/><input type=\'hidden\' name=\'timestamp\' value=\'2019-03-12 05:35:35\'/><input type=\'hidden\' name=\'alipay_sdk\' value=\'alipay-sdk-php-20161101\'/><input type=\'hidden\' name=\'notify_url\' value=\'http://alipay.yuton.xyz/alipay/notify\'/><input type=\'hidden\' name=\'return_url\' value=\'http://alipay.yuton.xyz/alipay/return_url\'/><input type=\'hidden\' name=\'charset\' value=\'UTF-8\'/><input type=\'hidden\' name=\'sign\' value=\'Uz96YZul5uwIvBdqQ7ZqF+pGnzzjkDHo6hPZWIsmNvSGPOHG62AZhANZ02T9rTJNox/A/LXRyzZnvs9bO/Omc2T8zNLc0IYRmIBcmFZNg98AAq4VINWSp2fzbZXhTVEYjVe9+524hdHgTMSFSC9XsOeW90mFN3kRlBl5QZ2EWgF5vNIdkc/fy2OV3DEF5VL/M5JsjXA7At79ks1339gKuVAhlkmLBf3til4jG//FY2LYEXI420D71PZiqAFelg/kuPNTwzbfeGoE5kraTxsVV5kDkiC3mxzHG5BWvgQt/wjh56dpZVzu7zw9i5C1QJuGJUH9ZGeyyO63EOmAXZ13hw==\'/><input type=\'submit\' value=\'ok\' style=\'display:none;\'\'></form><script>document.forms[\'alipaysubmit\'].submit();</script>'
2019-03-12 05:37:11  {"product_code":"FAST_INSTANT_TRADE_PAY","body":"这是一件商品","subject":"金丝猴奶糖","total_amount":0.01,"out_trade_no":"1552369031172"}
2019-03-12 05:37:11  response: '<form id=\'alipaysubmit\' name=\'alipaysubmit\' action=\'https://openapi.alipaydev.com/gateway.do?charset=UTF-8\' method=\'POST\'><input type=\'hidden\' name=\'biz_content\' value=\'{"product_code":"FAST_INSTANT_TRADE_PAY","body":"这是一件商品","subject":"金丝猴奶糖","total_amount":0.01,"out_trade_no":"1552369031172"}\'/><input type=\'hidden\' name=\'app_id\' value=\'2016091800538056\'/><input type=\'hidden\' name=\'version\' value=\'1.0\'/><input type=\'hidden\' name=\'format\' value=\'json\'/><input type=\'hidden\' name=\'sign_type\' value=\'RSA2\'/><input type=\'hidden\' name=\'method\' value=\'alipay.trade.page.pay\'/><input type=\'hidden\' name=\'timestamp\' value=\'2019-03-12 05:37:11\'/><input type=\'hidden\' name=\'alipay_sdk\' value=\'alipay-sdk-php-20161101\'/><input type=\'hidden\' name=\'notify_url\' value=\'http://alipay.yuton.xyz/alipay/notify\'/><input type=\'hidden\' name=\'return_url\' value=\'http://alipay.yuton.xyz/alipay/return_url\'/><input type=\'hidden\' name=\'charset\' value=\'UTF-8\'/><input type=\'hidden\' name=\'sign\' value=\'PAFNj9LoTqB07e2ilotYnVqZjkXlGbZ7D3TJG2/0GaLBQ1mDN3E/8SyM1UmzKYNVbTKmvpUjr+74kTsEhI0Re+aoQ4YAcv5LXdJfZNEOkC/mHnP9dvZMYpsdUDgM3Uw4d2VmI9/6qAuSzI0nvIXOszspQui4ubcgAqlJo2rnpVT7MO7631TA0hIyibEBM7DrEPcynG6e/JVX4w0W7vfDfqW6XNtFEAI2US7zxRF+mK4Vt6/TZJdZsqwL46cexjiOrHXqIrSp3x9IG0j26wAkhN/QcXXtk6dssFJo2bQZSZeycxu2GJGsr5g2HRibXRGCo2VkoaLGl55Loflh9iGjfw==\'/><input type=\'submit\' value=\'ok\' style=\'display:none;\'\'></form><script>document.forms[\'alipaysubmit\'].submit();</script>'
2019-03-12 05:37:21  {"product_code":"FAST_INSTANT_TRADE_PAY","body":"这是一件商品","subject":"金丝猴奶糖","total_amount":0.01,"out_trade_no":"1552369041837"}
2019-03-12 05:37:21  response: '<form id=\'alipaysubmit\' name=\'alipaysubmit\' action=\'https://openapi.alipaydev.com/gateway.do?charset=UTF-8\' method=\'POST\'><input type=\'hidden\' name=\'biz_content\' value=\'{"product_code":"FAST_INSTANT_TRADE_PAY","body":"这是一件商品","subject":"金丝猴奶糖","total_amount":0.01,"out_trade_no":"1552369041837"}\'/><input type=\'hidden\' name=\'app_id\' value=\'2016091800538056\'/><input type=\'hidden\' name=\'version\' value=\'1.0\'/><input type=\'hidden\' name=\'format\' value=\'json\'/><input type=\'hidden\' name=\'sign_type\' value=\'RSA2\'/><input type=\'hidden\' name=\'method\' value=\'alipay.trade.page.pay\'/><input type=\'hidden\' name=\'timestamp\' value=\'2019-03-12 05:37:21\'/><input type=\'hidden\' name=\'alipay_sdk\' value=\'alipay-sdk-php-20161101\'/><input type=\'hidden\' name=\'notify_url\' value=\'http://alipay.yuton.xyz/alipay/notify\'/><input type=\'hidden\' name=\'return_url\' value=\'http://alipay.yuton.xyz/alipay/return_url\'/><input type=\'hidden\' name=\'charset\' value=\'UTF-8\'/><input type=\'hidden\' name=\'sign\' value=\'fkeaS9F9AO0Sl+RsIL7mHXcEcG4zScuVc2EMruC4P2ifyL4neBQ40Jj9pQRRvOv+eJntuBjF6/yxLZTWG3FHZxZm2cp6Yiq0Ddrf6dQRQ6Q62ePy7HWUa3j7t8Em2lTU6LIPhtDW8AUjGs4jO0Ga+oESNDfnvhHN1HqJ86eAklK3Q9CWP/oqlYvrMA87fL0/1tMKht2IRNeQ2jnxbiSU26+K2XGbVP7oCmf+MBHmY5KBObp5B354XjN2sCqOl2vvoTjtmPS1Ujx3QOe7Eb5G/R4MNfk+B/rkBmEGrqRkA4e70SihG8J8EkuJfviKDWNaS/kwEwN9cJGb5SvT3s1cnA==\'/><input type=\'submit\' value=\'ok\' style=\'display:none;\'\'></form><script>document.forms[\'alipaysubmit\'].submit();</script>'
2019-03-12 05:38:18  {"product_code":"FAST_INSTANT_TRADE_PAY","body":"这是一件商品","subject":"金丝猴奶糖","total_amount":0.01,"out_trade_no":"1552369098372"}
2019-03-12 05:38:18  response: '<form id=\'alipaysubmit\' name=\'alipaysubmit\' action=\'https://openapi.alipaydev.com/gateway.do?charset=UTF-8\' method=\'POST\'><input type=\'hidden\' name=\'biz_content\' value=\'{"product_code":"FAST_INSTANT_TRADE_PAY","body":"这是一件商品","subject":"金丝猴奶糖","total_amount":0.01,"out_trade_no":"1552369098372"}\'/><input type=\'hidden\' name=\'app_id\' value=\'2016091800538056\'/><input type=\'hidden\' name=\'version\' value=\'1.0\'/><input type=\'hidden\' name=\'format\' value=\'json\'/><input type=\'hidden\' name=\'sign_type\' value=\'RSA2\'/><input type=\'hidden\' name=\'method\' value=\'alipay.trade.page.pay\'/><input type=\'hidden\' name=\'timestamp\' value=\'2019-03-12 05:38:18\'/><input type=\'hidden\' name=\'alipay_sdk\' value=\'alipay-sdk-php-20161101\'/><input type=\'hidden\' name=\'notify_url\' value=\'http://alipay.yuton.xyz/alipay/notify\'/><input type=\'hidden\' name=\'return_url\' value=\'http://alipay.yuton.xyz/alipay/return_url\'/><input type=\'hidden\' name=\'charset\' value=\'UTF-8\'/><input type=\'hidden\' name=\'sign\' value=\'rwL7FzoEQIugSaMTGRigVbO+mmCvQ3bifm/8ejRq0LMpV616ZDzTI73u3nLv/31VujMPEhbb4AaQsWphr6tthc4GU//YD7E1s+MKRiNWMY+SoemUTFZjWXBvg24BwPc2yo1Ar5gqv48a8JipCdp6I2ViXu0QLQydoFge1l2AxKFKoHvlD557wWGrJfYxNpxZeRVjoTcJUHAsLLQ1NtPYcYQ8KWnT0hj3uQKuYlrSTD8BydVTY2R5cG0vwd21H3lQwtaz0lKVUdIacA7dsw6pkbucGySum11AoUubaJWYsRVesxZyabMUW5yIyhcElZN+kB19tK9FVJKeqsFbnhGI2g==\'/><input type=\'submit\' value=\'ok\' style=\'display:none;\'\'></form><script>document.forms[\'alipaysubmit\'].submit();</script>'
2019-03-12 05:38:36  {"product_code":"FAST_INSTANT_TRADE_PAY","body":"这是一件商品","subject":"金丝猴奶糖","total_amount":0.01,"out_trade_no":"1552369116417"}
2019-03-12 05:38:36  response: '<form id=\'alipaysubmit\' name=\'alipaysubmit\' action=\'https://openapi.alipaydev.com/gateway.do?charset=UTF-8\' method=\'POST\'><input type=\'hidden\' name=\'biz_content\' value=\'{"product_code":"FAST_INSTANT_TRADE_PAY","body":"这是一件商品","subject":"金丝猴奶糖","total_amount":0.01,"out_trade_no":"1552369116417"}\'/><input type=\'hidden\' name=\'app_id\' value=\'2016091800538056\'/><input type=\'hidden\' name=\'version\' value=\'1.0\'/><input type=\'hidden\' name=\'format\' value=\'json\'/><input type=\'hidden\' name=\'sign_type\' value=\'RSA2\'/><input type=\'hidden\' name=\'method\' value=\'alipay.trade.page.pay\'/><input type=\'hidden\' name=\'timestamp\' value=\'2019-03-12 05:38:36\'/><input type=\'hidden\' name=\'alipay_sdk\' value=\'alipay-sdk-php-20161101\'/><input type=\'hidden\' name=\'notify_url\' value=\'http://alipay.yuton.xyz/alipay/notify\'/><input type=\'hidden\' name=\'return_url\' value=\'http://alipay.yuton.xyz/alipay/return_url\'/><input type=\'hidden\' name=\'charset\' value=\'UTF-8\'/><input type=\'hidden\' name=\'sign\' value=\'KWHpKtoiC4HxGTF2NQxqiiXoJ/+C0/g1/Lhwmr5HuI2vEpbBaxVNOoyStKX96FcDDqQHERs58FXWf/HthYh5DUBAjp2jYerXVMznu9WMIr5tgzAJevv+W5u1aMBmTE6dMSE5erFgTRTuJdyPZfcgONcDkTgiNPbxjFj5okJeP8wYwz4qdWqZAtGyDRt4ZZ8kwohpn9d4YLStEExFc/tvjS1gL9Eid+v+u86hP97ITPkqxDLbzItLAPVlMC0UZ5BDNjDBE4GB7jt/My543yJ4ZlfVOHR356d0wpG0TK8shvdeOsVmh4mhiU0VKazlODqPvFyOxBphxEZ73WR2rFOLAQ==\'/><input type=\'submit\' value=\'ok\' style=\'display:none;\'\'></form><script>document.forms[\'alipaysubmit\'].submit();</script>'
2019-03-12 05:45:29  {"product_code":"FAST_INSTANT_TRADE_PAY","body":"这是一件商品","subject":"金丝猴奶糖","total_amount":0.01,"out_trade_no":"1552369529777"}
2019-03-12 05:45:29  response: '<form id=\'alipaysubmit\' name=\'alipaysubmit\' action=\'https://openapi.alipaydev.com/gateway.do?charset=UTF-8\' method=\'POST\'><input type=\'hidden\' name=\'biz_content\' value=\'{"product_code":"FAST_INSTANT_TRADE_PAY","body":"这是一件商品","subject":"金丝猴奶糖","total_amount":0.01,"out_trade_no":"1552369529777"}\'/><input type=\'hidden\' name=\'app_id\' value=\'2016091800538056\'/><input type=\'hidden\' name=\'version\' value=\'1.0\'/><input type=\'hidden\' name=\'format\' value=\'json\'/><input type=\'hidden\' name=\'sign_type\' value=\'RSA2\'/><input type=\'hidden\' name=\'method\' value=\'alipay.trade.page.pay\'/><input type=\'hidden\' name=\'timestamp\' value=\'2019-03-12 05:45:29\'/><input type=\'hidden\' name=\'alipay_sdk\' value=\'alipay-sdk-php-20161101\'/><input type=\'hidden\' name=\'notify_url\' value=\'http://alipay.yuton.xyz/alipay/notify\'/><input type=\'hidden\' name=\'return_url\' value=\'http://alipay.yuton.xyz/alipay/return_url\'/><input type=\'hidden\' name=\'charset\' value=\'UTF-8\'/><input type=\'hidden\' name=\'sign\' value=\'YOiltJ5P5Q8afuNL3z2/ZDhkfbP69wZ1DmG9fb7dipGTZCvnl/p5AmYviRpj3WpFH91FYC/9H0B34TaRxAq/ktAULMA56hr2ommA/HpaKrvTVB/bw0FizrG3souTF6Gu6cKu40jT4Mr0zeD+8MNBM6YQUBG8zZkmH0PkBxKD0+NpADqw5k9RoTXVB/JGE30lnZNKoM9UqnEhMd8VsArjY9fnK3qhJMv6Wv8pGVSWH9bmtbpQI6opj2+yO9ujd3DHJ3ByWXmEIa6lfhNzzh+I3RRXhJIfLoax9b0PeMDfXBaGHiIShmIzGIxc2RB8nlUQX0iOd1NZ7MLbVPsp38qlgw==\'/><input type=\'submit\' value=\'ok\' style=\'display:none;\'\'></form><script>document.forms[\'alipaysubmit\'].submit();</script>'
2019-03-12 06:08:09  {"product_code":"FAST_INSTANT_TRADE_PAY","body":"这是一件商品","subject":"金丝猴奶糖","total_amount":0.01,"out_trade_no":"1552370889999"}
2019-03-12 06:08:09  response: '<form id=\'alipaysubmit\' name=\'alipaysubmit\' action=\'https://openapi.alipaydev.com/gateway.do?charset=UTF-8\' method=\'POST\'><input type=\'hidden\' name=\'biz_content\' value=\'{"product_code":"FAST_INSTANT_TRADE_PAY","body":"这是一件商品","subject":"金丝猴奶糖","total_amount":0.01,"out_trade_no":"1552370889999"}\'/><input type=\'hidden\' name=\'app_id\' value=\'2016091800538056\'/><input type=\'hidden\' name=\'version\' value=\'1.0\'/><input type=\'hidden\' name=\'format\' value=\'json\'/><input type=\'hidden\' name=\'sign_type\' value=\'RSA2\'/><input type=\'hidden\' name=\'method\' value=\'alipay.trade.page.pay\'/><input type=\'hidden\' name=\'timestamp\' value=\'2019-03-12 06:08:09\'/><input type=\'hidden\' name=\'alipay_sdk\' value=\'alipay-sdk-php-20161101\'/><input type=\'hidden\' name=\'notify_url\' value=\'http://alipay.yuton.xyz/alipay/notify\'/><input type=\'hidden\' name=\'return_url\' value=\'http://alipay.yuton.xyz/alipay/paysucc\'/><input type=\'hidden\' name=\'charset\' value=\'UTF-8\'/><input type=\'hidden\' name=\'sign\' value=\'oqnHmam/3NIAWw/QWVKKyAZ9Eje8c0+sGkgG5xcewMg5QZfP0U6Ksh8SoaT6TjK4HGKHconcXws9nZaJJOlOzpSp/w1jd0GaPpFSHTOLfFZ8kIpl5JmP9Pmlh/vHtlhzVovNthkt+eQ8UQNFWUxxATMMr0StucT6DlODK4zGHTMPthB9PBgeSPnPwGgqvL+4rw4YMRCJNvfNGbrksfGKL2Ll/P7t4wGaLfFogIadeQTuE8k6YcFGB5JJMWtLJMSE1UjEaA/cK0SMuGBMpaMQJPXX7gX6cFiMCh9G6stBTFxBYU+5UuI5K7xTKlBh6FCPUvdaM51MSr2igMs8nC/NoQ==\'/><input type=\'submit\' value=\'ok\' style=\'display:none;\'\'></form><script>document.forms[\'alipaysubmit\'].submit();</script>'
2019-03-12 06:18:49  {"product_code":"FAST_INSTANT_TRADE_PAY","body":"这是一件商品","subject":"金丝猴奶糖","total_amount":0.01,"out_trade_no":"1552371529190"}
2019-03-12 06:18:49  response: '<form id=\'alipaysubmit\' name=\'alipaysubmit\' action=\'https://openapi.alipaydev.com/gateway.do?charset=UTF-8\' method=\'POST\'><input type=\'hidden\' name=\'biz_content\' value=\'{"product_code":"FAST_INSTANT_TRADE_PAY","body":"这是一件商品","subject":"金丝猴奶糖","total_amount":0.01,"out_trade_no":"1552371529190"}\'/><input type=\'hidden\' name=\'app_id\' value=\'2016091800538056\'/><input type=\'hidden\' name=\'version\' value=\'1.0\'/><input type=\'hidden\' name=\'format\' value=\'json\'/><input type=\'hidden\' name=\'sign_type\' value=\'RSA2\'/><input type=\'hidden\' name=\'method\' value=\'alipay.trade.page.pay\'/><input type=\'hidden\' name=\'timestamp\' value=\'2019-03-12 06:18:49\'/><input type=\'hidden\' name=\'alipay_sdk\' value=\'alipay-sdk-php-20161101\'/><input type=\'hidden\' name=\'notify_url\' value=\'http://alipay.yuton.xyz/alipay/notify\'/><input type=\'hidden\' name=\'return_url\' value=\'http://alipay.yuton.xyz/alipay/paysucc\'/><input type=\'hidden\' name=\'charset\' value=\'UTF-8\'/><input type=\'hidden\' name=\'sign\' value=\'0y59jv6ir1HOoZRpDATRvOqMly2A3yYH+YBgFTyn6WPV83QO8yHvBGaGFhqaZM8pMGGcvhh7Lvhmm2sk+0ZXP1aIhcK6fto41b6in52z/cwkyzF8kgZlPfE4SgiZB4v21myy2sjFstLObsHgHsqa6cUXk4Z2+LXJ54o+jitpToVFyfueruqHAHqawKGDAFq5XIhTeewi7/FCU7mMU2eYC+Uj/ED22zb42bIgDtQjO7JpY2z8mkB+C1XfHk/ejzkH5q+8VhpexP6MOnape5wWmSb3GEkehDt+KGxE6XgWrmEDmR3EbluIeGHgBo1bdfGOl715ovmJf1a7Vau9EtLDRQ==\'/><input type=\'submit\' value=\'ok\' style=\'display:none;\'\'></form><script>document.forms[\'alipaysubmit\'].submit();</script>'
2019-03-12 06:21:49  array (
)
2019-03-12 06:24:08  array (
)
2019-03-12 06:24:36  {"product_code":"FAST_INSTANT_TRADE_PAY","body":"这是一件商品","subject":"金丝猴奶糖","total_amount":0.01,"out_trade_no":"1552371876344"}
2019-03-12 06:24:36  response: '<form id=\'alipaysubmit\' name=\'alipaysubmit\' action=\'https://openapi.alipaydev.com/gateway.do?charset=UTF-8\' method=\'POST\'><input type=\'hidden\' name=\'biz_content\' value=\'{"product_code":"FAST_INSTANT_TRADE_PAY","body":"这是一件商品","subject":"金丝猴奶糖","total_amount":0.01,"out_trade_no":"1552371876344"}\'/><input type=\'hidden\' name=\'app_id\' value=\'2016091800538056\'/><input type=\'hidden\' name=\'version\' value=\'1.0\'/><input type=\'hidden\' name=\'format\' value=\'json\'/><input type=\'hidden\' name=\'sign_type\' value=\'RSA2\'/><input type=\'hidden\' name=\'method\' value=\'alipay.trade.page.pay\'/><input type=\'hidden\' name=\'timestamp\' value=\'2019-03-12 06:24:36\'/><input type=\'hidden\' name=\'alipay_sdk\' value=\'alipay-sdk-php-20161101\'/><input type=\'hidden\' name=\'notify_url\' value=\'http://alipay.yuton.xyz/alipay/notify\'/><input type=\'hidden\' name=\'return_url\' value=\'http://alipay.yuton.xyz/alipay/paysucc\'/><input type=\'hidden\' name=\'charset\' value=\'UTF-8\'/><input type=\'hidden\' name=\'sign\' value=\'eBQ5MAsAtGGfBkklvkuEnUqXkN0aZJ9hFwFIfiit2LXL6iM3P6Us+5eZzLTjh2GEoJ9icB4DfP4SSVWCiVDAi+Npgbo1+J0fKS1oJRAmHdH0aLdMFMRleEOOPV38Jk8ZllNwOMbLe4s5KGrw+rjnebDSOx0RYJixgU+byddcM8NpvOcgRfRM/+QoMi5+IjqHoHKgAUNykeHl+gsTWHkrVmeEKuu4ny4RARp0AqtJWLe8epvnWBVVe6gpdUUGO/h2ZJkX5v3otaKLe88xr5Is7BBqBT5jHhxjqhm9L/KAG8tTB3aR2OThraJKKCL3X7n5gokKTiPNbnKiYZN9VNKgiQ==\'/><input type=\'submit\' value=\'ok\' style=\'display:none;\'\'></form><script>document.forms[\'alipaysubmit\'].submit();</script>'
2019-03-12 06:25:20  array (
  'gmt_create' => '2019-03-12 14:25:04',
  'charset' => 'UTF-8',
  'gmt_payment' => '2019-03-12 14:25:19',
  'notify_time' => '2019-03-12 14:25:20',
  'subject' => '金丝猴奶糖',
  'sign' => 'CpoZGZrg5qMoKlAKephzcb8IIQ47qfXhs+RKw/5nRr1/OrXzWpcP9K7BoyEtjr6ts7Ud9K3aDu6i2jIy3s3xUwTK0IX6p0LslK+roDGddqa5feRudrEWs+MdagKQMsk3Pqj37DropRJjJ3OrvsG8cjBmE3cIy+fVbsBSGFWWZPj27HoOB0xjQLKa+MTWR4dLOebmncTnpesO+WqVTKLyKXSNXHm642PtyVFPIhmLxfzUoEjfgWqlMgZXgUFeEWiZ2HElTVu2Hv8Y4QIIW0HOIPI9JPY6M4b/LkNavIMEp8D7J/Wm6kySTBbOkSvfr4EErSFrxurevUx2C1KIbR3ijg==',
  'buyer_id' => '2088102169099302',
  'body' => '这是一件商品',
  'invoice_amount' => '0.01',
  'version' => '1.0',
  'notify_id' => 'b9b6489939601a91b6d19b774e1b76eibh',
  'fund_bill_list' => '[{"amount":"0.01","fundChannel":"ALIPAYACCOUNT"}]',
  'notify_type' => 'trade_status_sync',
  'out_trade_no' => '1552371876344',
  'total_amount' => '0.01',
  'trade_status' => 'TRADE_SUCCESS',
  'trade_no' => '2019031222001499300500545956',
  'auth_app_id' => '2016091800538056',
  'receipt_amount' => '0.01',
  'point_amount' => '0.00',
  'app_id' => '2016091800538056',
  'buyer_pay_amount' => '0.01',
  'sign_type' => 'RSA2',
  'seller_id' => '2088102176146945',
)
2019-03-12 06:31:06  {"product_code":"FAST_INSTANT_TRADE_PAY","body":"这是一件商品","subject":"金丝猴奶糖","total_amount":0.01,"out_trade_no":"1552372266918"}
2019-03-12 06:31:06  response: '<form id=\'alipaysubmit\' name=\'alipaysubmit\' action=\'https://openapi.alipaydev.com/gateway.do?charset=UTF-8\' method=\'POST\'><input type=\'hidden\' name=\'biz_content\' value=\'{"product_code":"FAST_INSTANT_TRADE_PAY","body":"这是一件商品","subject":"金丝猴奶糖","total_amount":0.01,"out_trade_no":"1552372266918"}\'/><input type=\'hidden\' name=\'app_id\' value=\'2016091800538056\'/><input type=\'hidden\' name=\'version\' value=\'1.0\'/><input type=\'hidden\' name=\'format\' value=\'json\'/><input type=\'hidden\' name=\'sign_type\' value=\'RSA2\'/><input type=\'hidden\' name=\'method\' value=\'alipay.trade.page.pay\'/><input type=\'hidden\' name=\'timestamp\' value=\'2019-03-12 06:31:06\'/><input type=\'hidden\' name=\'alipay_sdk\' value=\'alipay-sdk-php-20161101\'/><input type=\'hidden\' name=\'notify_url\' value=\'http://alipay.yuton.xyz/alipay/notify\'/><input type=\'hidden\' name=\'return_url\' value=\'http://alipay.yuton.xyz/alipay/paysucc\'/><input type=\'hidden\' name=\'charset\' value=\'UTF-8\'/><input type=\'hidden\' name=\'sign\' value=\'eNGeFtYMrWFHsI+YvcowHPZgNhELdfKZKkd2XI+rVtFUZoGfJCADnemx+lO7Q4r7Jv2TcWXkaFNi0cVvlwNkGzI5gLGSbSQk9+6wdogsZvey+ug4go7Y1wrBZI+NQst5aGLtNUptJVAWCpg01TGTNe22vAyvTSHY+pbTCZRTu/vEvU+TpGZTN2U3hVNMGykJSqvEPa8j0QesI+EqcWlvudns1rvm6Gd7h9f9u7JFJAF4KqqODGB7nH1WfCGWKhidjFkjpOavN/tyEynqRov83PNEEZEsOsiX67cj0chBg2sRqHrvlyr5CaaKdiYzbWFrL1NiCb5lhT4iexGZjf+tJQ==\'/><input type=\'submit\' value=\'ok\' style=\'display:none;\'\'></form><script>document.forms[\'alipaysubmit\'].submit();</script>'
2019-03-12 06:31:58  array (
  'gmt_create' => '2019-03-12 14:31:39',
  'charset' => 'UTF-8',
  'gmt_payment' => '2019-03-12 14:31:57',
  'notify_time' => '2019-03-12 14:31:58',
  'subject' => '金丝猴奶糖',
  'sign' => 'HE7Tp1SUXdaHSjQ0xLXuAoTchn4np8qTnmWx0Uw4HFCxPVOhEYibE8RdQ6KuOwTDfLg7kW1gNg0ZtRgbaAVGYu0UcYm0WEMBQN8fkgA2Nw0PItf2zWTj9w5eTgmoG+uD0zzga9CUpViVUWjpp4IrueD+80K+BvJ9xo5AHn7ggEQiOacdXVKpHQzglgCAjleJMhdje9qUuevLDp2CznFpOv2wPqBBofJcZuVFemAiK/B2+89OqsIkfQ8qFB023bCq1815HQqeOA5DPFbMEwFdlQ140FsWGWZrQfYxLXkH5+SvmvAT9nuGI5QhTu2kZw9Teu9hgpH5bckTZwUyKQ+B4w==',
  'buyer_id' => '2088102169099302',
  'body' => '这是一件商品',
  'invoice_amount' => '0.01',
  'version' => '1.0',
  'notify_id' => 'aeff63a24167c54531d0772be86d4a9ibh',
  'fund_bill_list' => '[{"amount":"0.01","fundChannel":"ALIPAYACCOUNT"}]',
  'notify_type' => 'trade_status_sync',
  'out_trade_no' => '1552372266918',
  'total_amount' => '0.01',
  'trade_status' => 'TRADE_SUCCESS',
  'trade_no' => '2019031222001499300500546231',
  'auth_app_id' => '2016091800538056',
  'receipt_amount' => '0.01',
  'point_amount' => '0.00',
  'app_id' => '2016091800538056',
  'buyer_pay_amount' => '0.01',
  'sign_type' => 'RSA2',
  'seller_id' => '2088102176146945',
)
2019-03-12 06:31:58  '验证签名结果:1'
2019-03-12 06:35:58  array (
)
2019-03-12 06:37:06  array (
)
2019-03-12 06:43:49  array (
)
2019-03-12 06:45:55  array (
  'gmt_create' => '2019-03-12 14:31:39',
  'charset' => 'UTF-8',
  'gmt_payment' => '2019-03-12 14:31:57',
  'notify_time' => '2019-03-12 14:31:58',
  'subject' => '金丝猴奶糖',
  'sign' => 'HE7Tp1SUXdaHSjQ0xLXuAoTchn4np8qTnmWx0Uw4HFCxPVOhEYibE8RdQ6KuOwTDfLg7kW1gNg0ZtRgbaAVGYu0UcYm0WEMBQN8fkgA2Nw0PItf2zWTj9w5eTgmoG+uD0zzga9CUpViVUWjpp4IrueD+80K+BvJ9xo5AHn7ggEQiOacdXVKpHQzglgCAjleJMhdje9qUuevLDp2CznFpOv2wPqBBofJcZuVFemAiK/B2+89OqsIkfQ8qFB023bCq1815HQqeOA5DPFbMEwFdlQ140FsWGWZrQfYxLXkH5+SvmvAT9nuGI5QhTu2kZw9Teu9hgpH5bckTZwUyKQ+B4w==',
  'buyer_id' => '2088102169099302',
  'body' => '这是一件商品',
  'invoice_amount' => '0.01',
  'version' => '1.0',
  'notify_id' => 'aeff63a24167c54531d0772be86d4a9ibh',
  'fund_bill_list' => '[{"amount":"0.01","fundChannel":"ALIPAYACCOUNT"}]',
  'notify_type' => 'trade_status_sync',
  'out_trade_no' => '1552372266918',
  'total_amount' => '0.01',
  'trade_status' => 'TRADE_SUCCESS',
  'trade_no' => '2019031222001499300500546231',
  'auth_app_id' => '2016091800538056',
  'receipt_amount' => '0.01',
  'point_amount' => '0.00',
  'app_id' => '2016091800538056',
  'buyer_pay_amount' => '0.01',
  'sign_type' => 'RSA2',
  'seller_id' => '2088102176146945',
)
2019-03-12 06:45:55  '验证签名结果:1'
2019-03-12 06:46:26  array (
  'gmt_create' => '2019-03-12 14:31:39',
  'charset' => 'UTF-8',
  'gmt_payment' => '2019-03-12 14:31:57',
  'notify_time' => '2019-03-12 14:31:58',
  'subject' => '金丝猴奶糖',
  'sign' => 'HE7Tp1SUXdaHSjQ0xLXuAoTchn4np8qTnmWx0Uw4HFCxPVOhEYibE8RdQ6KuOwTDfLg7kW1gNg0ZtRgbaAVGYu0UcYm0WEMBQN8fkgA2Nw0PItf2zWTj9w5eTgmoG+uD0zzga9CUpViVUWjpp4IrueD+80K+BvJ9xo5AHn7ggEQiOacdXVKpHQzglgCAjleJMhdje9qUuevLDp2CznFpOv2wPqBBofJcZuVFemAiK/B2+89OqsIkfQ8qFB023bCq1815HQqeOA5DPFbMEwFdlQ140FsWGWZrQfYxLXkH5+SvmvAT9nuGI5QhTu2kZw9Teu9hgpH5bckTZwUyKQ+B4a==',
  'buyer_id' => '2088102169099302',
  'body' => '这是一件商品',
  'invoice_amount' => '0.01',
  'version' => '1.0',
  'notify_id' => 'aeff63a24167c54531d0772be86d4a9ibh',
  'fund_bill_list' => '[{"amount":"0.01","fundChannel":"ALIPAYACCOUNT"}]',
  'notify_type' => 'trade_status_sync',
  'out_trade_no' => '1552372266918',
  'total_amount' => '0.01',
  'trade_status' => 'TRADE_SUCCESS',
  'trade_no' => '2019031222001499300500546231',
  'auth_app_id' => '2016091800538056',
  'receipt_amount' => '0.01',
  'point_amount' => '0.00',
  'app_id' => '2016091800538056',
  'buyer_pay_amount' => '0.01',
  'sign_type' => 'RSA2',
  'seller_id' => '2088102176146945',
)
2019-03-12 06:46:26  '验证签名结果:'
2019-03-12 06:46:46  array (
  'gmt_create' => '2019-03-12 14:31:39',
  'charset' => 'UTF-8',
  'gmt_payment' => '2019-03-12 14:31:57',
  'notify_time' => '2019-03-12 14:31:58',
  'subject' => '金丝猴奶糖1',
  'sign' => 'HE7Tp1SUXdaHSjQ0xLXuAoTchn4np8qTnmWx0Uw4HFCxPVOhEYibE8RdQ6KuOwTDfLg7kW1gNg0ZtRgbaAVGYu0UcYm0WEMBQN8fkgA2Nw0PItf2zWTj9w5eTgmoG+uD0zzga9CUpViVUWjpp4IrueD+80K+BvJ9xo5AHn7ggEQiOacdXVKpHQzglgCAjleJMhdje9qUuevLDp2CznFpOv2wPqBBofJcZuVFemAiK/B2+89OqsIkfQ8qFB023bCq1815HQqeOA5DPFbMEwFdlQ140FsWGWZrQfYxLXkH5+SvmvAT9nuGI5QhTu2kZw9Teu9hgpH5bckTZwUyKQ+B4w==',
  'buyer_id' => '2088102169099302',
  'body' => '这是一件商品',
  'invoice_amount' => '0.01',
  'version' => '1.0',
  'notify_id' => 'aeff63a24167c54531d0772be86d4a9ibh',
  'fund_bill_list' => '[{"amount":"0.01","fundChannel":"ALIPAYACCOUNT"}]',
  'notify_type' => 'trade_status_sync',
  'out_trade_no' => '1552372266918',
  'total_amount' => '0.01',
  'trade_status' => 'TRADE_SUCCESS',
  'trade_no' => '2019031222001499300500546231',
  'auth_app_id' => '2016091800538056',
  'receipt_amount' => '0.01',
  'point_amount' => '0.00',
  'app_id' => '2016091800538056',
  'buyer_pay_amount' => '0.01',
  'sign_type' => 'RSA2',
  'seller_id' => '2088102176146945',
)
2019-03-12 06:46:46  '验证签名结果:'
2019-03-12 06:46:51  array (
  'gmt_create' => '2019-03-12 14:31:39',
  'charset' => 'UTF-8',
  'gmt_payment' => '2019-03-12 14:31:57',
  'notify_time' => '2019-03-12 14:31:58',
  'subject' => '金丝猴奶糖',
  'sign' => 'HE7Tp1SUXdaHSjQ0xLXuAoTchn4np8qTnmWx0Uw4HFCxPVOhEYibE8RdQ6KuOwTDfLg7kW1gNg0ZtRgbaAVGYu0UcYm0WEMBQN8fkgA2Nw0PItf2zWTj9w5eTgmoG+uD0zzga9CUpViVUWjpp4IrueD+80K+BvJ9xo5AHn7ggEQiOacdXVKpHQzglgCAjleJMhdje9qUuevLDp2CznFpOv2wPqBBofJcZuVFemAiK/B2+89OqsIkfQ8qFB023bCq1815HQqeOA5DPFbMEwFdlQ140FsWGWZrQfYxLXkH5+SvmvAT9nuGI5QhTu2kZw9Teu9hgpH5bckTZwUyKQ+B4w==',
  'buyer_id' => '2088102169099302',
  'body' => '这是一件商品',
  'invoice_amount' => '0.01',
  'version' => '1.0',
  'notify_id' => 'aeff63a24167c54531d0772be86d4a9ibh',
  'fund_bill_list' => '[{"amount":"0.01","fundChannel":"ALIPAYACCOUNT"}]',
  'notify_type' => 'trade_status_sync',
  'out_trade_no' => '1552372266918',
  'total_amount' => '0.01',
  'trade_status' => 'TRADE_SUCCESS',
  'trade_no' => '2019031222001499300500546231',
  'auth_app_id' => '2016091800538056',
  'receipt_amount' => '0.01',
  'point_amount' => '0.00',
  'app_id' => '2016091800538056',
  'buyer_pay_amount' => '0.01',
  'sign_type' => 'RSA2',
  'seller_id' => '2088102176146945',
)
2019-03-12 06:46:51  '验证签名结果:1'
2019-03-12 06:47:11  array (
  'gmt_create' => '2019-03-12 14:31:39',
  'charset' => 'UTF-8',
  'gmt_payment' => '2019-03-12 14:31:57',
  'notify_time' => '2019-03-12 14:31:58',
  'subject' => '金丝猴奶糖',
  'sign' => 'HE7Tp1SUXdaHSjQ0xLXuAoTchn4np8qTnmWx0Uw4HFCxPVOhEYibE8RdQ6KuOwTDfLg7kW1gNg0ZtRgbaAVGYu0UcYm0WEMBQN8fkgA2Nw0PItf2zWTj9w5eTgmoG+uD0zzga9CUpViVUWjpp4IrueD+80K+BvJ9xo5AHn7ggEQiOacdXVKpHQzglgCAjleJMhdje9qUuevLDp2CznFpOv2wPqBBofJcZuVFemAiK/B2+89OqsIkfQ8qFB023bCq1815HQqeOA5DPFbMEwFdlQ140FsWGWZrQfYxLXkH5+SvmvAT9nuGI5QhTu2kZw9Teu9hgpH5bckTZwUyKQ+B4w==',
  'buyer_id' => '2088102169099302',
  'body' => '这是一件商品',
  'invoice_amount' => '0.01',
  'version' => '1.0',
  'notify_id' => 'aeff63a24167c54531d0772be86d4a9ibh',
  'fund_bill_list' => '[{"amount":"0.01","fundChannel":"ALIPAYACCOUNT"}]',
  'notify_type' => 'trade_status_sync',
  'out_trade_no' => '1552372266918',
  'total_amount' => '0.01',
  'trade_status' => 'TRADE_SUCCESS',
  'trade_no' => '2019031222001499300500546232',
  'auth_app_id' => '2016091800538056',
  'receipt_amount' => '0.01',
  'point_amount' => '0.00',
  'app_id' => '2016091800538056',
  'buyer_pay_amount' => '0.01',
  'sign_type' => 'RSA2',
  'seller_id' => '2088102176146945',
)
2019-03-12 06:47:11  '验证签名结果:'
2019-03-12 06:47:17  array (
  'gmt_create' => '2019-03-12 14:31:39',
  'charset' => 'UTF-8',
  'gmt_payment' => '2019-03-12 14:31:57',
  'notify_time' => '2019-03-12 14:31:58',
  'subject' => '金丝猴奶糖',
  'sign' => 'HE7Tp1SUXdaHSjQ0xLXuAoTchn4np8qTnmWx0Uw4HFCxPVOhEYibE8RdQ6KuOwTDfLg7kW1gNg0ZtRgbaAVGYu0UcYm0WEMBQN8fkgA2Nw0PItf2zWTj9w5eTgmoG+uD0zzga9CUpViVUWjpp4IrueD+80K+BvJ9xo5AHn7ggEQiOacdXVKpHQzglgCAjleJMhdje9qUuevLDp2CznFpOv2wPqBBofJcZuVFemAiK/B2+89OqsIkfQ8qFB023bCq1815HQqeOA5DPFbMEwFdlQ140FsWGWZrQfYxLXkH5+SvmvAT9nuGI5QhTu2kZw9Teu9hgpH5bckTZwUyKQ+B4w==',
  'buyer_id' => '2088102169099302',
  'body' => '这是一件商品',
  'invoice_amount' => '0.01',
  'version' => '1.0',
  'notify_id' => 'aeff63a24167c54531d0772be86d4a9ibh',
  'fund_bill_list' => '[{"amount":"0.01","fundChannel":"ALIPAYACCOUNT"}]',
  'notify_type' => 'trade_status_sync',
  'out_trade_no' => '1552372266918',
  'total_amount' => '0.01',
  'trade_status' => 'TRADE_SUCCESS',
  'trade_no' => '2019031222001499300500546231',
  'auth_app_id' => '2016091800538056',
  'receipt_amount' => '0.01',
  'point_amount' => '0.00',
  'app_id' => '2016091800538056',
  'buyer_pay_amount' => '0.01',
  'sign_type' => 'RSA2',
  'seller_id' => '2088102176146945',
)
2019-03-12 06:47:17  '验证签名结果:1'
2019-03-12 07:24:08  {"product_code":"FAST_INSTANT_TRADE_PAY","body":"这是一件商品","subject":"金丝猴奶糖","total_amount":0.01,"out_trade_no":"1552375448411"}
2019-03-12 07:24:08  response: '<form id=\'alipaysubmit\' name=\'alipaysubmit\' action=\'https://openapi.alipaydev.com/gateway.do?charset=UTF-8\' method=\'POST\'><input type=\'hidden\' name=\'biz_content\' value=\'{"product_code":"FAST_INSTANT_TRADE_PAY","body":"这是一件商品","subject":"金丝猴奶糖","total_amount":0.01,"out_trade_no":"1552375448411"}\'/><input type=\'hidden\' name=\'app_id\' value=\'2016091800538056\'/><input type=\'hidden\' name=\'version\' value=\'1.0\'/><input type=\'hidden\' name=\'format\' value=\'json\'/><input type=\'hidden\' name=\'sign_type\' value=\'RSA2\'/><input type=\'hidden\' name=\'method\' value=\'alipay.trade.page.pay\'/><input type=\'hidden\' name=\'timestamp\' value=\'2019-03-12 07:24:08\'/><input type=\'hidden\' name=\'alipay_sdk\' value=\'alipay-sdk-php-20161101\'/><input type=\'hidden\' name=\'notify_url\' value=\'http://alipay.yuton.xyz/alipay/notify\'/><input type=\'hidden\' name=\'return_url\' value=\'http://alipay.yuton.xyz/alipay/paysucc\'/><input type=\'hidden\' name=\'charset\' value=\'UTF-8\'/><input type=\'hidden\' name=\'sign\' value=\'MA53T9zbI8H950VifUYyBSHRpK2uH0XoBvrPsYBe+Y1lY8/jIbMNf3D0WH7VHl6cHkWOfsEuWLTZ9NBtq88lTxZoXCqcNWOoncWbyLgy/3/WWIFZoakS5FqhGnqGrPoxJ+rfmMT/b2QqQbwB5/dekb0VSsfChO0GLGGip8mvBOA2sTyzd7Swhe92ke8oO/Ja/A+cJGGGctMGEyX0UIb2tApswGzz532lQrSi2wExU+zdf/NUZrtTKWjylTBpdaLgdf7ex10xSCx41Y6b1Wz+v8+4AOGZ+jEY/MytxoNTzsx5thCxCg2npDfpCErVDwxem75aDBHv8y9aK6eS8J/Hjg==\'/><input type=\'submit\' value=\'ok\' style=\'display:none;\'\'></form><script>document.forms[\'alipaysubmit\'].submit();</script>'
2019-03-12 07:24:52  {"productCode":"QUICK_WAP_PAY","body":"这是一件商品","subject":"金丝猴奶糖","out_trade_no":"1552375492796","total_amount":0.01,"timeout_express":"1m"}
2019-03-12 07:24:52  response: '<form id=\'alipaysubmit\' name=\'alipaysubmit\' action=\'https://openapi.alipaydev.com/gateway.do?charset=UTF-8\' method=\'POST\'><input type=\'hidden\' name=\'biz_content\' value=\'{"productCode":"QUICK_WAP_PAY","body":"这是一件商品","subject":"金丝猴奶糖","out_trade_no":"1552375492796","total_amount":0.01,"timeout_express":"1m"}\'/><input type=\'hidden\' name=\'app_id\' value=\'2016091800538056\'/><input type=\'hidden\' name=\'version\' value=\'1.0\'/><input type=\'hidden\' name=\'format\' value=\'json\'/><input type=\'hidden\' name=\'sign_type\' value=\'RSA2\'/><input type=\'hidden\' name=\'method\' value=\'alipay.trade.wap.pay\'/><input type=\'hidden\' name=\'timestamp\' value=\'2019-03-12 07:24:52\'/><input type=\'hidden\' name=\'alipay_sdk\' value=\'alipay-sdk-php-20161101\'/><input type=\'hidden\' name=\'notify_url\' value=\'http://alipay.yuton.xyz/alipay/notify\'/><input type=\'hidden\' name=\'return_url\' value=\'http://alipay.yuton.xyz/alipay/paysucc\'/><input type=\'hidden\' name=\'charset\' value=\'UTF-8\'/><input type=\'hidden\' name=\'sign\' value=\'VJyRSxyKS4v0KeTlJVGFjbH+2vbSJ6/Ex7iMwsuHD+07fJVja9G4OVlIh++hP3cI8mDob2C7//1mwh/6NMdDgvxv6gYT43hmUSQ1bbOYTltO1Bkem2qhffXdeIHA7rZLuXPH58LPvFIr2/AMloCzFf4ls8OreYN70ggLnDO/Ff+4pmEShoWEbAZs3CuS/yy6A0kLtfHBpcMj9oByJAQuN274fyqU/voo1jJP5WskQAMVXpI4tiCLgmxRjVjhrbqTpSJTA5KBLTKGat+D/aTGfpPRoPAwajOK38IAPao+vfs22Bk/wiea5ZICnhelPPmXyaYbVYS/1/ITEjvGYzRX5A==\'/><input type=\'submit\' value=\'ok\' style=\'display:none;\'\'></form><script>document.forms[\'alipaysubmit\'].submit();</script>'
2019-03-12 07:25:05  {"product_code":"FAST_INSTANT_TRADE_PAY","body":"这是一件商品","subject":"金丝猴奶糖","total_amount":0.01,"out_trade_no":"1552375505161"}
2019-03-12 07:25:05  response: '<form id=\'alipaysubmit\' name=\'alipaysubmit\' action=\'https://openapi.alipaydev.com/gateway.do?charset=UTF-8\' method=\'POST\'><input type=\'hidden\' name=\'biz_content\' value=\'{"product_code":"FAST_INSTANT_TRADE_PAY","body":"这是一件商品","subject":"金丝猴奶糖","total_amount":0.01,"out_trade_no":"1552375505161"}\'/><input type=\'hidden\' name=\'app_id\' value=\'2016091800538056\'/><input type=\'hidden\' name=\'version\' value=\'1.0\'/><input type=\'hidden\' name=\'format\' value=\'json\'/><input type=\'hidden\' name=\'sign_type\' value=\'RSA2\'/><input type=\'hidden\' name=\'method\' value=\'alipay.trade.page.pay\'/><input type=\'hidden\' name=\'timestamp\' value=\'2019-03-12 07:25:05\'/><input type=\'hidden\' name=\'alipay_sdk\' value=\'alipay-sdk-php-20161101\'/><input type=\'hidden\' name=\'notify_url\' value=\'http://alipay.yuton.xyz/alipay/notify\'/><input type=\'hidden\' name=\'return_url\' value=\'http://alipay.yuton.xyz/alipay/paysucc\'/><input type=\'hidden\' name=\'charset\' value=\'UTF-8\'/><input type=\'hidden\' name=\'sign\' value=\'1T6JcCC/oTf4XhBfqoWy2zK6X7JaSvgTCHAamUP9UPOfAkzsmIKbxg6qVQwqKCtBwDKXQULFJ1fhpdhBmOsNMcqegPw7pW2To0ATM8oz51A1l964UZnDkCwut1b1EaooI99kClxbYHe/GkuVIIi6Poe2N8sVJPExshs5HBjjh8drWCnUrZE0Neh7g64Msl7s029lXwjJQfaE3yUfgutb4BjGhyDEDkDM7OcBLGr9APUHXoHxcmHAH9Jd3VUwQTTkrfPUFSLbm5G6Z9sjf29/MMxskgw0muCpYZNTpR6N5WhybiJ/OIFfSmGlJm47nXe+yRi4TOBsespmtI6X0h7H4A==\'/><input type=\'submit\' value=\'ok\' style=\'display:none;\'\'></form><script>document.forms[\'alipaysubmit\'].submit();</script>'
2019-03-12 07:25:07  {"product_code":"FAST_INSTANT_TRADE_PAY","body":"这是一件商品","subject":"金丝猴奶糖","total_amount":0.01,"out_trade_no":"1552375507730"}
2019-03-12 07:25:07  response: '<form id=\'alipaysubmit\' name=\'alipaysubmit\' action=\'https://openapi.alipaydev.com/gateway.do?charset=UTF-8\' method=\'POST\'><input type=\'hidden\' name=\'biz_content\' value=\'{"product_code":"FAST_INSTANT_TRADE_PAY","body":"这是一件商品","subject":"金丝猴奶糖","total_amount":0.01,"out_trade_no":"1552375507730"}\'/><input type=\'hidden\' name=\'app_id\' value=\'2016091800538056\'/><input type=\'hidden\' name=\'version\' value=\'1.0\'/><input type=\'hidden\' name=\'format\' value=\'json\'/><input type=\'hidden\' name=\'sign_type\' value=\'RSA2\'/><input type=\'hidden\' name=\'method\' value=\'alipay.trade.page.pay\'/><input type=\'hidden\' name=\'timestamp\' value=\'2019-03-12 07:25:07\'/><input type=\'hidden\' name=\'alipay_sdk\' value=\'alipay-sdk-php-20161101\'/><input type=\'hidden\' name=\'notify_url\' value=\'http://alipay.yuton.xyz/alipay/notify\'/><input type=\'hidden\' name=\'return_url\' value=\'http://alipay.yuton.xyz/alipay/paysucc\'/><input type=\'hidden\' name=\'charset\' value=\'UTF-8\'/><input type=\'hidden\' name=\'sign\' value=\'v9NIb5O/0fDF8p5b0fVjV4xR8ojseO/Du1aIprEb4J3pcpLbrlrl4eLk33aiBBZcyWDlwdpaNJLiFcwqrJoMOdGLOKREiL5Ni4VJcq2EuKPwNe52ujJXVP7TB/mcnrBBuxEgxW5vEmQKO+6fqHCazcsZ0ReHHsH8YWIVhNNqcnKmMgXS5xSO/57Q+tO85L2oVKPC3zoDDx/qDwehdwLfsEY3yoQoo7r5Kys0plwN2DSusY+VZjhsHQEHaI7Fu2RYyXnBsF4yOI8ft+rdTKkumztfXqA/tvzI5ZizIsEi/1dLSvGZXePfEIdyuAXx2Jo7zh6rCZvchalxqyy8SERmYg==\'/><input type=\'submit\' value=\'ok\' style=\'display:none;\'\'></form><script>document.forms[\'alipaysubmit\'].submit();</script>'
2019-03-12 07:25:31  {"productCode":"QUICK_WAP_PAY","body":"这是一件商品","subject":"金丝猴奶糖","out_trade_no":"1552375531925","total_amount":0.01,"timeout_express":"1m"}
2019-03-12 07:25:31  response: '<form id=\'alipaysubmit\' name=\'alipaysubmit\' action=\'https://openapi.alipaydev.com/gateway.do?charset=UTF-8\' method=\'POST\'><input type=\'hidden\' name=\'biz_content\' value=\'{"productCode":"QUICK_WAP_PAY","body":"这是一件商品","subject":"金丝猴奶糖","out_trade_no":"1552375531925","total_amount":0.01,"timeout_express":"1m"}\'/><input type=\'hidden\' name=\'app_id\' value=\'2016091800538056\'/><input type=\'hidden\' name=\'version\' value=\'1.0\'/><input type=\'hidden\' name=\'format\' value=\'json\'/><input type=\'hidden\' name=\'sign_type\' value=\'RSA2\'/><input type=\'hidden\' name=\'method\' value=\'alipay.trade.wap.pay\'/><input type=\'hidden\' name=\'timestamp\' value=\'2019-03-12 07:25:31\'/><input type=\'hidden\' name=\'alipay_sdk\' value=\'alipay-sdk-php-20161101\'/><input type=\'hidden\' name=\'notify_url\' value=\'http://alipay.yuton.xyz/alipay/notify\'/><input type=\'hidden\' name=\'return_url\' value=\'http://alipay.yuton.xyz/alipay/paysucc\'/><input type=\'hidden\' name=\'charset\' value=\'UTF-8\'/><input type=\'hidden\' name=\'sign\' value=\'VdHNYqtTVFIAzjWxGIcJYkMIUX3tKO+SjELOPvo2UyIqVhCDOTvFsKRJMY2/Ok7y+b32wxYYM/YJcjMRzY7NWlgdNy5oS3J1xGU9ny5WZbPi1VVe1flLZmCHz1JDUTeR3Zyjyir05vBRY3WMJg5sY+xDyGIzZ0eZD1uDqJulMPbtx6ElXstyMS1ImE8IO51+INxlvNQCjLoINSLKSMpUnb3Rbxd/NueEDodGn9sc5EK6jH0zg4jG6nBNbY5KYr5HaMSPcPcvx9tnYqLlNapOgWzOiU/k95DiJYm+VnaTyZZeB2Bs4DORL4xnsfv4t1LZWrJtteT5U1X31i5vt7SdvQ==\'/><input type=\'submit\' value=\'ok\' style=\'display:none;\'\'></form><script>document.forms[\'alipaysubmit\'].submit();</script>'
2019-03-12 07:25:33  {"productCode":"QUICK_WAP_PAY","body":"这是一件商品","subject":"金丝猴奶糖","out_trade_no":"1552375533571","total_amount":0.01,"timeout_express":"1m"}
2019-03-12 07:25:33  response: '<form id=\'alipaysubmit\' name=\'alipaysubmit\' action=\'https://openapi.alipaydev.com/gateway.do?charset=UTF-8\' method=\'POST\'><input type=\'hidden\' name=\'biz_content\' value=\'{"productCode":"QUICK_WAP_PAY","body":"这是一件商品","subject":"金丝猴奶糖","out_trade_no":"1552375533571","total_amount":0.01,"timeout_express":"1m"}\'/><input type=\'hidden\' name=\'app_id\' value=\'2016091800538056\'/><input type=\'hidden\' name=\'version\' value=\'1.0\'/><input type=\'hidden\' name=\'format\' value=\'json\'/><input type=\'hidden\' name=\'sign_type\' value=\'RSA2\'/><input type=\'hidden\' name=\'method\' value=\'alipay.trade.wap.pay\'/><input type=\'hidden\' name=\'timestamp\' value=\'2019-03-12 07:25:33\'/><input type=\'hidden\' name=\'alipay_sdk\' value=\'alipay-sdk-php-20161101\'/><input type=\'hidden\' name=\'notify_url\' value=\'http://alipay.yuton.xyz/alipay/notify\'/><input type=\'hidden\' name=\'return_url\' value=\'http://alipay.yuton.xyz/alipay/paysucc\'/><input type=\'hidden\' name=\'charset\' value=\'UTF-8\'/><input type=\'hidden\' name=\'sign\' value=\'ZuWu2UncxHOQmU5IaYJ+XJvzSnbc0aKCQkK++rQvN/C/TOYtTZT1QbUPM79Ezfc8FQXe4qeFSzvaPktU0id4a8MUC49xTrTu1wXkjRtfU6y7hNEL490HUT8XsTzyoZV9C9AIgJcxfu0dG3udS8KkxjltbsTI5emQD5lPPUedjRqkWLlMfnsV9tCvrCEGzqiE2+9nJAtc5NGolJBlg+CQsIPI5pJN8fpfUlEq+O9qqynGOsi0nci9JW+CVsZNHjirU6k8XDQdxMOtmcH0SwZfr0+kWO4IzvWcwaBSZWNR9sl981dPJTn+7lhNa8d4kptcKP8uOIcWzEk/Q/tDT5HVtg==\'/><input type=\'submit\' value=\'ok\' style=\'display:none;\'\'></form><script>document.forms[\'alipaysubmit\'].submit();</script>'
2019-03-12 07:25:34  {"productCode":"QUICK_WAP_PAY","body":"这是一件商品","subject":"金丝猴奶糖","out_trade_no":"1552375534193","total_amount":0.01,"timeout_express":"1m"}
2019-03-12 07:25:34  response: '<form id=\'alipaysubmit\' name=\'alipaysubmit\' action=\'https://openapi.alipaydev.com/gateway.do?charset=UTF-8\' method=\'POST\'><input type=\'hidden\' name=\'biz_content\' value=\'{"productCode":"QUICK_WAP_PAY","body":"这是一件商品","subject":"金丝猴奶糖","out_trade_no":"1552375534193","total_amount":0.01,"timeout_express":"1m"}\'/><input type=\'hidden\' name=\'app_id\' value=\'2016091800538056\'/><input type=\'hidden\' name=\'version\' value=\'1.0\'/><input type=\'hidden\' name=\'format\' value=\'json\'/><input type=\'hidden\' name=\'sign_type\' value=\'RSA2\'/><input type=\'hidden\' name=\'method\' value=\'alipay.trade.wap.pay\'/><input type=\'hidden\' name=\'timestamp\' value=\'2019-03-12 07:25:34\'/><input type=\'hidden\' name=\'alipay_sdk\' value=\'alipay-sdk-php-20161101\'/><input type=\'hidden\' name=\'notify_url\' value=\'http://alipay.yuton.xyz/alipay/notify\'/><input type=\'hidden\' name=\'return_url\' value=\'http://alipay.yuton.xyz/alipay/paysucc\'/><input type=\'hidden\' name=\'charset\' value=\'UTF-8\'/><input type=\'hidden\' name=\'sign\' value=\'gR0BSvMXNa7n0xXdgcpEKt/nsbT0OMXW02vTf/Bd0T13BS4PrLx1+y2Y6MlX5AIsLFSjNjgqB+YMxvSrwspqT7nQlrqlA8Omi2c5e5lEtqGeTBdPZlYPaZvJIc83PhwjkjaeD0sO6hBSk0DF+WldizB7XxBdCTPx1Zb3SGuV5UIGDPHYGQNOZwanGuIMPRwRcgdFzvFcXceUbLwtE5ylRdQPceSRwtJpnRGuKnb03Y41BWl3E9+UN2XT3f0M9G6EPtMkDm8JSZiJ5B++U8gZ0cRxM+Wd4UZv/iEdHCnY4633BR9K8kpYnxit3ldHgObuzwUZvFD1kVnWz9B1Atu8rw==\'/><input type=\'submit\' value=\'ok\' style=\'display:none;\'\'></form><script>document.forms[\'alipaysubmit\'].submit();</script>'
2019-03-12 07:25:48  {"productCode":"QUICK_WAP_PAY","body":"这是一件商品","subject":"金丝猴奶糖","out_trade_no":"1552375548928","total_amount":0.01,"timeout_express":"1m"}
2019-03-12 07:25:48  response: '<form id=\'alipaysubmit\' name=\'alipaysubmit\' action=\'https://openapi.alipaydev.com/gateway.do?charset=UTF-8\' method=\'POST\'><input type=\'hidden\' name=\'biz_content\' value=\'{"productCode":"QUICK_WAP_PAY","body":"这是一件商品","subject":"金丝猴奶糖","out_trade_no":"1552375548928","total_amount":0.01,"timeout_express":"1m"}\'/><input type=\'hidden\' name=\'app_id\' value=\'2016091800538056\'/><input type=\'hidden\' name=\'version\' value=\'1.0\'/><input type=\'hidden\' name=\'format\' value=\'json\'/><input type=\'hidden\' name=\'sign_type\' value=\'RSA2\'/><input type=\'hidden\' name=\'method\' value=\'alipay.trade.wap.pay\'/><input type=\'hidden\' name=\'timestamp\' value=\'2019-03-12 07:25:48\'/><input type=\'hidden\' name=\'alipay_sdk\' value=\'alipay-sdk-php-20161101\'/><input type=\'hidden\' name=\'notify_url\' value=\'http://alipay.yuton.xyz/alipay/notify\'/><input type=\'hidden\' name=\'return_url\' value=\'http://alipay.yuton.xyz/alipay/paysucc\'/><input type=\'hidden\' name=\'charset\' value=\'UTF-8\'/><input type=\'hidden\' name=\'sign\' value=\'kdI1xcmXEPy8+hUe9YFhrISJ2MAiwX0DAndewezW/v/EfNItN0VDchKyCPwdJfxLTScH7POyZNc0xF4Cw5k7AEuLHBSAVji33QbfleKuABLwuxfYYqlT2x4LzThy7Q+9ZxXwqUYdvTtRXcRlOe4zWGrYLcZtLVIKVqEoeKa8UOi75G+LD5Ypjh0TgVi9P05T8ySvq0ONcDu4TnHTnjakjTiQyT27tRADZ8Oe3SkT5A2xcaz+078Uhy3NRFDLG3RoZx1ssFcFGNzMnk9eRbVaErDwRVk74GraDtlst1yElSC8262l+fQgfpmqXRA46s7flef4Gyf6lSMR67deGdwXig==\'/><input type=\'submit\' value=\'ok\' style=\'display:none;\'\'></form><script>document.forms[\'alipaysubmit\'].submit();</script>'
2019-03-12 07:26:31  {"productCode":"QUICK_WAP_PAY","body":"这是一件商品","subject":"金丝猴奶糖","out_trade_no":"1552375591863","total_amount":0.01,"timeout_express":"1m"}
2019-03-12 07:26:31  response: '<form id=\'alipaysubmit\' name=\'alipaysubmit\' action=\'https://openapi.alipaydev.com/gateway.do?charset=UTF-8\' method=\'POST\'><input type=\'hidden\' name=\'biz_content\' value=\'{"productCode":"QUICK_WAP_PAY","body":"这是一件商品","subject":"金丝猴奶糖","out_trade_no":"1552375591863","total_amount":0.01,"timeout_express":"1m"}\'/><input type=\'hidden\' name=\'app_id\' value=\'2016091800538056\'/><input type=\'hidden\' name=\'version\' value=\'1.0\'/><input type=\'hidden\' name=\'format\' value=\'json\'/><input type=\'hidden\' name=\'sign_type\' value=\'RSA2\'/><input type=\'hidden\' name=\'method\' value=\'alipay.trade.wap.pay\'/><input type=\'hidden\' name=\'timestamp\' value=\'2019-03-12 07:26:31\'/><input type=\'hidden\' name=\'alipay_sdk\' value=\'alipay-sdk-php-20161101\'/><input type=\'hidden\' name=\'notify_url\' value=\'http://alipay.yuton.xyz/alipay/notify\'/><input type=\'hidden\' name=\'return_url\' value=\'http://alipay.yuton.xyz/alipay/paysucc\'/><input type=\'hidden\' name=\'charset\' value=\'UTF-8\'/><input type=\'hidden\' name=\'sign\' value=\'ncuMmxt7+RZYpKjoG6hGxtmZclLKOo+i5AJFZEMoAX5EPP/QZKwY3PareY+jz4zPePj3GNPsZD4FrdjQ3dJQ0zk/esn+Povwj4ERJXZQ9vIlMzjmMWV4mPGkVnmHruu5nvDTg3ndGAoa/6KSgwBu9Q1KqBe6zciKMpeySgj8Lb4WVId+PtpNgh1c3Wy7VCcXFXrAvX78RtPcmEtDa5HQRYt3k6Y/VwaVnyBkRG4hXO0HM8iJrTRkEPwZwOnKQkHbxIZuChzZGi8M4XEsKTONmmyjwCA8FdM6vDGGL8ayx8aami5S3/X4284Pq1DpiYTAx606z8MmM7bgrFqkWj8LOA==\'/><input type=\'submit\' value=\'ok\' style=\'display:none;\'\'></form><script>document.forms[\'alipaysubmit\'].submit();</script>'
2019-03-12 07:26:33  {"productCode":"QUICK_WAP_PAY","body":"这是一件商品","subject":"金丝猴奶糖","out_trade_no":"1552375593507","total_amount":0.01,"timeout_express":"1m"}
2019-03-12 07:26:33  response: '<form id=\'alipaysubmit\' name=\'alipaysubmit\' action=\'https://openapi.alipaydev.com/gateway.do?charset=UTF-8\' method=\'POST\'><input type=\'hidden\' name=\'biz_content\' value=\'{"productCode":"QUICK_WAP_PAY","body":"这是一件商品","subject":"金丝猴奶糖","out_trade_no":"1552375593507","total_amount":0.01,"timeout_express":"1m"}\'/><input type=\'hidden\' name=\'app_id\' value=\'2016091800538056\'/><input type=\'hidden\' name=\'version\' value=\'1.0\'/><input type=\'hidden\' name=\'format\' value=\'json\'/><input type=\'hidden\' name=\'sign_type\' value=\'RSA2\'/><input type=\'hidden\' name=\'method\' value=\'alipay.trade.wap.pay\'/><input type=\'hidden\' name=\'timestamp\' value=\'2019-03-12 07:26:33\'/><input type=\'hidden\' name=\'alipay_sdk\' value=\'alipay-sdk-php-20161101\'/><input type=\'hidden\' name=\'notify_url\' value=\'http://alipay.yuton.xyz/alipay/notify\'/><input type=\'hidden\' name=\'return_url\' value=\'http://alipay.yuton.xyz/alipay/paysucc\'/><input type=\'hidden\' name=\'charset\' value=\'UTF-8\'/><input type=\'hidden\' name=\'sign\' value=\'xW4AEOaJQG6scoxxd+dHzz8AOVwcFrsJB6AJOQpGsLYGTfwxEeNjhwiLvQ9o+tMQryVHH1kxKzTeAhYglgB8sCKYp5viAO065Es06dMEvL64Z1pQxvDiHfR/ksEi/NvCGGVHZgVucpXnpZW/VxxGm0s7wdaxznWO6wwqV+afdrBORwNi/usEQgeMl9uKhXlCm2E5SHoi7cJ4HMKup1HxBqbRj9qIAXfIAUwpTjWyfNZcbYY2Cs8ER92LbSJLVnARSrhiSZJhDK/0+p74GhoUBvyQ3wAlzqgd02UvRZu1JDyQQwqA880G+h7e6MVUiVtIiWoZ+ry/PVI0jUdnqyLLaQ==\'/><input type=\'submit\' value=\'ok\' style=\'display:none;\'\'></form><script>document.forms[\'alipaysubmit\'].submit();</script>'
2019-03-12 07:40:11  {"productCode":"QUICK_WAP_PAY","body":"这是一件商品","subject":"杜蕾斯奶糖","out_trade_no":"1552376411678","total_amount":0.01,"timeout_express":"1m"}
2019-03-12 07:40:11  response: '<form id=\'alipaysubmit\' name=\'alipaysubmit\' action=\'https://openapi.alipaydev.com/gateway.do?charset=UTF-8\' method=\'POST\'><input type=\'hidden\' name=\'biz_content\' value=\'{"productCode":"QUICK_WAP_PAY","body":"这是一件商品","subject":"杜蕾斯奶糖","out_trade_no":"1552376411678","total_amount":0.01,"timeout_express":"1m"}\'/><input type=\'hidden\' name=\'app_id\' value=\'2016091800538056\'/><input type=\'hidden\' name=\'version\' value=\'1.0\'/><input type=\'hidden\' name=\'format\' value=\'json\'/><input type=\'hidden\' name=\'sign_type\' value=\'RSA2\'/><input type=\'hidden\' name=\'method\' value=\'alipay.trade.wap.pay\'/><input type=\'hidden\' name=\'timestamp\' value=\'2019-03-12 07:40:11\'/><input type=\'hidden\' name=\'alipay_sdk\' value=\'alipay-sdk-php-20161101\'/><input type=\'hidden\' name=\'notify_url\' value=\'http://alipay.yuton.xyz/alipay/notify\'/><input type=\'hidden\' name=\'return_url\' value=\'http://alipay.yuton.xyz/alipay/paysucc\'/><input type=\'hidden\' name=\'charset\' value=\'UTF-8\'/><input type=\'hidden\' name=\'sign\' value=\'2KjhtAi0UMlpnmcEcJKefEmNMfgRgbxqzUUnSP29WgpjBQZ6psYBmIufyjjZi94ki/vzTM8rzD1vxuNz06oTVmgaN44HBgXASRfXe1RhgQz24oKdj3eJfMlyyy+NEwBHm43dm7m4+DOok0cJyXdnhCl12sIjN41NkJwtmTq9JL1EJIG68aPXWLeQW/e51Z3rfu+hsga7IYHhBs7DdG7zWzarVpCK4rH94+7Hnbkodyv81kFTrhgyosdYvFyFjg+THHigvxg/VWkm8CJTTuqHKH7gTwnFcMlPUhatUWqpAL/x4ACaCK/gtyKF+eg2gRmeNiG9yaNWHxRKIZRkDhc7MQ==\'/><input type=\'submit\' value=\'ok\' style=\'display:none;\'\'></form><script>document.forms[\'alipaysubmit\'].submit();</script>'
2019-03-12 07:40:54  array (
  'gmt_create' => '2019-03-12 15:40:52',
  'charset' => 'UTF-8',
  'seller_email' => 'xsrfgj0900@sandbox.com',
  'subject' => '杜蕾斯奶糖',
  'sign' => 'QCxKqiB8AsyQIxoUNTbM1tooSAJLMLLCxVNLs8GY1xSs12vgvKWOGdq4dxb73BgPVQOEz7StaOIV4LCyRiDWEW3ArMGzDsw7gRs52AiMC0WxaQvH1sAQgAkyV5JUW4W4B9EewbUHEWxqm/hkIJ9I9uhH7FsPWJYmQt1aIMJMY7cdLqwMYhkac7hNM/elvv8sot7hFvJ1/55/AO9yRK0U7+tz4vURfUMkSc2fZ1VetSnuDxMLY6qm5Rj5KSVFmbu3DYigKDn7Omau6t/tH3ES+ZuMytTGeIh975XEc3b0i/nt6QfAYdxrsE/Za+bFtZz8dxDCKZ5dPIwaNcqHipNVGQ==',
  'body' => '这是一件商品',
  'buyer_id' => '2088102169099302',
  'invoice_amount' => '0.01',
  'notify_id' => 'fc20c0105766955e5cdf316d1699c84ibh',
  'fund_bill_list' => '[{"amount":"0.01","fundChannel":"ALIPAYACCOUNT"}]',
  'notify_type' => 'trade_status_sync',
  'trade_status' => 'TRADE_SUCCESS',
  'receipt_amount' => '0.01',
  'app_id' => '2016091800538056',
  'buyer_pay_amount' => '0.01',
  'sign_type' => 'RSA2',
  'seller_id' => '2088102176146945',
  'gmt_payment' => '2019-03-12 15:40:52',
  'notify_time' => '2019-03-12 15:40:53',
  'version' => '1.0',
  'out_trade_no' => '1552376411678',
  'total_amount' => '0.01',
  'trade_no' => '2019031222001499300500546131',
  'auth_app_id' => '2016091800538056',
  'buyer_logon_id' => 'wnk***@sandbox.com',
  'point_amount' => '0.00',
)
2019-03-12 07:40:54  '验证签名结果:1'
